# JRE version: Java(TM) SE Runtime Environment (17.0.10+11) (build 17.0.10+11-LTS-240)
# Java VM: Java HotSpot(TM) 64-Bit Server VM (17.0.10+11-LTS-240, mixed mode, sharing, tiered, compressed oops, compressed class ptrs, g1 gc, windows-amd64)
GC Precious Log:
 CPUs: 4 total, 4 available
 Memory: 3818M
 Large Page Support: Disabled
 NUMA Support: Disabled
 Compressed Oops: Enabled (32-bit)
 Heap Region Size: 1M
 Heap Min Capacity: 8M
 Heap Initial Capacity: 60M
 Heap Max Capacity: 956M
 Pre-touch: Disabled
 Parallel Workers: 4
 Concurrent Workers: 1
 Concurrent Refinement Workers: 4
 Periodic GC: Disabled
Heap:
 garbage-first heap   total 48128K, used 30701K [0x00000000c4400000, 0x0000000100000000)
  region size 1024K, 24 young (24576K), 4 survivors (4096K)
 Metaspace       used 26776K, committed 27200K, reserved 1114112K
  class space    used 3206K, committed 3392K, reserved 1048576K
GC Heap History (8 events):
Event: 1.558 GC heap before
{Heap before GC invocations=0 (full 0):
 garbage-first heap   total 61440K, used 12288K [0x00000000c4400000, 0x0000000100000000)
  region size 1024K, 13 young (13312K), 0 survivors (0K)
 Metaspace       used 4877K, committed 5120K, reserved 1114112K
  class space    used 526K, committed 640K, reserved 1048576K
}
Event: 1.565 GC heap after
{Heap after GC invocations=1 (full 0):
 garbage-first heap   total 61440K, used 5873K [0x00000000c4400000, 0x0000000100000000)
  region size 1024K, 2 young (2048K), 2 survivors (2048K)
 Metaspace       used 4877K, committed 5120K, reserved 1114112K
  class space    used 526K, committed 640K, reserved 1048576K
}
Event: 2.005 GC heap before
{Heap before GC invocations=1 (full 0):
 garbage-first heap   total 61440K, used 16113K [0x00000000c4400000, 0x0000000100000000)
  region size 1024K, 12 young (12288K), 2 survivors (2048K)
 Metaspace       used 7313K, committed 7616K, reserved 1114112K
  class space    used 832K, committed 960K, reserved 1048576K
}
Event: 2.010 GC heap after
{Heap after GC invocations=2 (full 0):
 garbage-first heap   total 61440K, used 6896K [0x00000000c4400000, 0x0000000100000000)
  region size 1024K, 2 young (2048K), 2 survivors (2048K)
 Metaspace       used 7313K, committed 7616K, reserved 1114112K
  class space    used 832K, committed 960K, reserved 1048576K
}
Event: 2.608 GC heap before
{Heap before GC invocations=2 (full 0):
 garbage-first heap   total 61440K, used 26352K [0x00000000c4400000, 0x0000000100000000)
  region size 1024K, 22 young (22528K), 2 survivors (2048K)
 Metaspace       used 12768K, committed 13056K, reserved 1114112K
  class space    used 1445K, committed 1600K, reserved 1048576K
}
Event: 2.615 GC heap after
{Heap after GC invocations=3 (full 0):
 garbage-first heap   total 61440K, used 9106K [0x00000000c4400000, 0x0000000100000000)
  region size 1024K, 3 young (3072K), 3 survivors (3072K)
 Metaspace       used 12768K, committed 13056K, reserved 1114112K
  class space    used 1445K, committed 1600K, reserved 1048576K
}
Event: 5.212 GC heap before
{Heap before GC invocations=3 (full 0):
 garbage-first heap   total 61440K, used 27538K [0x00000000c4400000, 0x0000000100000000)
  region size 1024K, 23 young (23552K), 3 survivors (3072K)
 Metaspace       used 21275K, committed 21504K, reserved 1114112K
  class space    used 2501K, committed 2624K, reserved 1048576K
}
Event: 5.226 GC heap after
{Heap after GC invocations=4 (full 0):
 garbage-first heap   total 61440K, used 12269K [0x00000000c4400000, 0x0000000100000000)
  region size 1024K, 4 young (4096K), 4 survivors (4096K)
 Metaspace       used 21275K, committed 21504K, reserved 1114112K
  class space    used 2501K, committed 2624K, reserved 1048576K
}

